<?xml version="1.0" encoding="utf-8"?>
<coverage line-rate="0.5268999999999999" branch-rate="0.2238" version="1.9" timestamp="1783517199" lines-covered="538" lines-valid="1021" branches-covered="60" branches-valid="268">
  <sources>
    <source>C:\Users\squintelier\tmp\UBB\src\</source>
  </sources>
  <packages>
    <package name="UBB.Core" line-rate="0.9243000000000001" branch-rate="0.9565" complexity="154">
      <classes>
        <class name="UBB.Services.BillingConstants" filename="UBB.Core\Services\BillingConstants.cs" line-rate="0.6923" branch-rate="0.875" complexity="11">
          <methods>
            <method name="CreditsPerSeat" signature="(UBB.Models.LicenseType,System.Boolean)" line-rate="0.875" branch-rate="0.875" complexity="8">
              <lines>
                <line number="15" hits="4" branch="True" condition-coverage="87.5% (7/8)">
                  <conditions>
                    <condition number="5" type="jump" coverage="100%" />
                    <condition number="11" type="jump" coverage="50%" />
                    <condition number="16" type="jump" coverage="100%" />
                    <condition number="21" type="jump" coverage="100%" />
                  </conditions>
                </line>
                <line number="16" hits="4" branch="False" />
                <line number="17" hits="1" branch="False" />
                <line number="18" hits="1" branch="False" />
                <line number="19" hits="1" branch="False" />
                <line number="20" hits="1" branch="False" />
                <line number="21" hits="0" branch="False" />
                <line number="22" hits="4" branch="False" />
              </lines>
            </method>
            <method name="DollarsToCredits" signature="(System.Decimal)" line-rate="1" branch-rate="1" complexity="1">
              <lines>
                <line number="25" hits="3" branch="False" />
              </lines>
            </method>
            <method name="CreditsToDollars" signature="(System.Decimal)" line-rate="1" branch-rate="1" complexity="1">
              <lines>
                <line number="28" hits="3" branch="False" />
              </lines>
            </method>
            <method name=".cctor" signature="()" line-rate="0" branch-rate="1" complexity="1">
              <lines>
                <line number="7" hits="0" branch="False" />
                <line number="12" hits="0" branch="False" />
                <line number="13" hits="0" branch="False" />
              </lines>
            </method>
          </methods>
          <lines>
            <line number="15" hits="4" branch="True" condition-coverage="87.5% (7/8)">
              <conditions>
                <condition number="5" type="jump" coverage="100%" />
                <condition number="11" type="jump" coverage="50%" />
                <condition number="16" type="jump" coverage="100%" />
                <condition number="21" type="jump" coverage="100%" />
              </conditions>
            </line>
            <line number="16" hits="4" branch="False" />
            <line number="17" hits="1" branch="False" />
            <line number="18" hits="1" branch="False" />
            <line number="19" hits="1" branch="False" />
            <line number="20" hits="1" branch="False" />
            <line number="21" hits="0" branch="False" />
            <line number="22" hits="4" branch="False" />
            <line number="25" hits="3" branch="False" />
            <line number="28" hits="3" branch="False" />
            <line number="7" hits="0" branch="False" />
            <line number="12" hits="0" branch="False" />
            <line number="13" hits="0" branch="False" />
          </lines>
        </class>
        <class name="UBB.Services.RequestFlowEngine" filename="UBB.Core\Services\RequestFlowEngine.cs" line-rate="1" branch-rate="1" complexity="32">
          <methods>
            <method name="EvaluateStep" signature="(System.String,System.Decimal,System.Decimal,System.Decimal,System.Decimal,System.Decimal,System.Decimal)" line-rate="1" branch-rate="1" complexity="10">
              <lines>
                <line number="22" hits="52" branch="False" />
                <line number="23" hits="52" branch="False" />
                <line number="24" hits="52" branch="False" />
                <line number="27" hits="52" branch="True" condition-coverage="100% (2/2)">
                  <conditions>
                    <condition number="30" type="jump" coverage="100%" />
                  </conditions>
                </line>
                <line number="28" hits="10" branch="False" />
                <line number="29" hits="10" branch="False" />
                <line number="30" hits="10" branch="False" />
                <line number="31" hits="10" branch="False" />
                <line number="32" hits="10" branch="False" />
                <line number="35" hits="42" branch="False" />
                <line number="36" hits="42" branch="False" />
                <line number="39" hits="42" branch="True" condition-coverage="100% (2/2)">
                  <conditions>
                    <condition number="334" type="jump" coverage="100%" />
                  </conditions>
                </line>
                <line number="40" hits="23" branch="False" />
                <line number="41" hits="23" branch="False" />
                <line number="42" hits="23" branch="False" />
                <line number="43" hits="23" branch="False" />
                <line number="44" hits="23" branch="False" />
                <line number="45" hits="23" branch="False" />
                <line number="46" hits="23" branch="False" />
                <line number="50" hits="19" branch="False" />
                <line number="51" hits="19" branch="False" />
                <line number="53" hits="19" branch="True" condition-coverage="100% (2/2)">
                  <conditions>
                    <condition number="512" type="jump" coverage="100%" />
                  </conditions>
                </line>
                <line number="54" hits="19" branch="False" />
                <line number="55" hits="19" branch="False" />
                <line number="57" hits="19" branch="True" condition-coverage="100% (2/2)">
                  <conditions>
                    <condition number="658" type="jump" coverage="100%" />
                  </conditions>
                </line>
                <line number="58" hits="3" branch="False" />
                <line number="59" hits="3" branch="False" />
                <line number="60" hits="3" branch="False" />
                <line number="61" hits="3" branch="False" />
                <line number="62" hits="3" branch="False" />
                <line number="65" hits="16" branch="False" />
                <line number="67" hits="16" branch="True" condition-coverage="100% (2/2)">
                  <conditions>
                    <condition number="838" type="jump" coverage="100%" />
                  </conditions>
                </line>
                <line number="68" hits="3" branch="False" />
                <line number="69" hits="3" branch="False" />
                <line number="70" hits="3" branch="False" />
                <line number="71" hits="3" branch="False" />
                <line number="72" hits="3" branch="False" />
                <line number="75" hits="13" branch="False" />
                <line number="76" hits="13" branch="False" />
                <line number="77" hits="13" branch="False" />
                <line number="79" hits="13" branch="False" />
                <line number="80" hits="13" branch="False" />
                <line number="81" hits="13" branch="False" />
                <line number="82" hits="13" branch="False" />
                <line number="83" hits="52" branch="False" />
              </lines>
            </method>
            <method name="RunAgentic" signature="(UBB.Models.RequestFlowState)" line-rate="1" branch-rate="1" complexity="4">
              <lines>
                <line number="88" hits="7" branch="False" />
                <line number="89" hits="7" branch="False" />
                <line number="90" hits="7" branch="False" />
                <line number="91" hits="7" branch="False" />
                <line number="92" hits="7" branch="False" />
                <line number="93" hits="7" branch="False" />
                <line number="95" hits="7" branch="False" />
                <line number="96" hits="7" branch="False" />
                <line number="97" hits="7" branch="False" />
                <line number="98" hits="7" branch="False" />
                <line number="100" hits="63" branch="True" condition-coverage="100% (2/2)">
                  <conditions>
                    <condition number="310" type="jump" coverage="100%" />
                  </conditions>
                </line>
                <line number="101" hits="23" branch="False" />
                <line number="102" hits="23" branch="False" />
                <line number="103" hits="23" branch="False" />
                <line number="105" hits="23" branch="False" />
                <line number="106" hits="23" branch="False" />
                <line number="107" hits="23" branch="False" />
                <line number="108" hits="23" branch="False" />
                <line number="109" hits="23" branch="False" />
                <line number="110" hits="23" branch="False" />
                <line number="112" hits="23" branch="True" condition-coverage="100% (2/2)">
                  <conditions>
                    <condition number="273" type="jump" coverage="100%" />
                  </conditions>
                </line>
                <line number="113" hits="4" branch="False" />
                <line number="114" hits="4" branch="False" />
                <line number="115" hits="4" branch="False" />
                <line number="117" hits="19" branch="False" />
                <line number="119" hits="7" branch="False" />
                <line number="120" hits="7" branch="False" />
              </lines>
            </method>
            <method name="RunMultiCostCenter" signature="(UBB.Models.MultiCostCenterState)" line-rate="1" branch-rate="1" complexity="16">
              <lines>
                <line number="127" hits="39" branch="False" />
                <line number="129" hits="39" branch="True" condition-coverage="100% (2/2)">
                  <conditions>
                    <condition number="17" type="jump" coverage="100%" />
                  </conditions>
                </line>
                <line number="130" hits="8" branch="False" />
                <line number="131" hits="39" branch="False" />
                <line number="133" hits="309" branch="True" condition-coverage="100% (2/2)">
                  <conditions>
                    <condition number="1356" type="jump" coverage="100%" />
                  </conditions>
                </line>
                <line number="134" hits="96" branch="False" />
                <line number="135" hits="96" branch="False" />
                <line number="136" hits="96" branch="False" />
                <line number="137" hits="96" branch="False" />
                <line number="140" hits="1250" branch="True" condition-coverage="100% (2/2)">
                  <conditions>
                    <condition number="1343" type="jump" coverage="100%" />
                  </conditions>
                </line>
                <line number="141" hits="529" branch="False" />
                <line number="142" hits="529" branch="False" />
                <line number="145" hits="529" branch="True" condition-coverage="100% (2/2)">
                  <conditions>
                    <condition number="391" type="jump" coverage="100%" />
                  </conditions>
                </line>
                <line number="146" hits="394" branch="False" />
                <line number="147" hits="394" branch="False" />
                <line number="148" hits="394" branch="False" />
                <line number="149" hits="394" branch="False" />
                <line number="150" hits="394" branch="False" />
                <line number="151" hits="394" branch="False" />
                <line number="152" hits="394" branch="False" />
                <line number="156" hits="135" branch="False" />
                <line number="157" hits="135" branch="False" />
                <line number="159" hits="135" branch="True" condition-coverage="100% (2/2)">
                  <conditions>
                    <condition number="610" type="jump" coverage="100%" />
                  </conditions>
                </line>
                <line number="160" hits="4" branch="False" />
                <line number="161" hits="4" branch="False" />
                <line number="162" hits="4" branch="False" />
                <line number="163" hits="4" branch="False" />
                <line number="164" hits="4" branch="False" />
                <line number="166" hits="131" branch="False" />
                <line number="167" hits="131" branch="False" />
                <line number="168" hits="131" branch="False" />
                <line number="170" hits="135" branch="False" />
                <line number="173" hits="135" branch="False" />
                <line number="174" hits="135" branch="True" condition-coverage="100% (2/2)">
                  <conditions>
                    <condition number="781" type="jump" coverage="100%" />
                  </conditions>
                </line>
                <line number="175" hits="15" branch="False" />
                <line number="176" hits="15" branch="False" />
                <line number="177" hits="15" branch="False" />
                <line number="178" hits="15" branch="False" />
                <line number="179" hits="15" branch="False" />
                <line number="182" hits="120" branch="False" />
                <line number="185" hits="120" branch="True" condition-coverage="100% (2/2)">
                  <conditions>
                    <condition number="955" type="jump" coverage="100%" />
                  </conditions>
                </line>
                <line number="186" hits="18" branch="False" />
                <line number="187" hits="18" branch="False" />
                <line number="188" hits="18" branch="False" />
                <line number="189" hits="18" branch="False" />
                <line number="190" hits="18" branch="False" />
                <line number="193" hits="102" branch="False" />
                <line number="194" hits="102" branch="False" />
                <line number="195" hits="102" branch="False" />
                <line number="196" hits="102" branch="False" />
                <line number="197" hits="102" branch="False" />
                <line number="198" hits="102" branch="False" />
                <line number="199" hits="96" branch="False" />
                <line number="201" hits="39" branch="False" />
                <line number="202" hits="39" branch="False" />
                <line number="203" hits="309" branch="True" condition-coverage="100% (2/2)">
                  <conditions>
                    <condition number="1541" type="jump" coverage="100%" />
                  </conditions>
                </line>
                <line number="204" hits="96" branch="False" />
                <line number="205" hits="96" branch="False" />
                <line number="206" hits="96" branch="False" />
                <line number="207" hits="39" branch="False" />
                <line number="208" hits="39" branch="False" />
                <line number="209" hits="39" branch="False" />
              </lines>
            </method>
            <method name="Blocked" signature="(System.Collections.Generic.List`1&lt;System.String&gt;,System.Collections.Generic.Dictionary`2&lt;UBB.Models.FlowNode,UBB.Models.FlowNodeState&gt;,System.Decimal,System.Decimal,System.Decimal,System.Decimal)" line-rate="1" branch-rate="1" complexity="1">
              <lines>
                <line number="214" hits="16" branch="False" />
                <line number="215" hits="16" branch="False" />
                <line number="216" hits="16" branch="False" />
              </lines>
            </method>
            <method name="Allowed" signature="(System.Boolean,System.Collections.Generic.List`1&lt;System.String&gt;,System.Collections.Generic.Dictionary`2&lt;UBB.Models.FlowNode,UBB.Models.FlowNodeState&gt;,System.Decimal,System.Decimal,System.Decimal,System.Decimal)" line-rate="1" branch-rate="1" complexity="1">
              <lines>
                <line number="220" hits="36" branch="False" />
                <line number="221" hits="36" branch="False" />
                <line number="222" hits="36" branch="False" />
              </lines>
            </method>
          </methods>
          <lines>
            <line number="22" hits="52" branch="False" />
            <line number="23" hits="52" branch="False" />
            <line number="24" hits="52" branch="False" />
            <line number="27" hits="52" branch="True" condition-coverage="100% (2/2)">
              <conditions>
                <condition number="30" type="jump" coverage="100%" />
              </conditions>
            </line>
            <line number="28" hits="10" branch="False" />
            <line number="29" hits="10" branch="False" />
            <line number="30" hits="10" branch="False" />
            <line number="31" hits="10" branch="False" />
            <line number="32" hits="10" branch="False" />
            <line number="35" hits="42" branch="False" />
            <line number="36" hits="42" branch="False" />
            <line number="39" hits="42" branch="True" condition-coverage="100% (2/2)">
              <conditions>
                <condition number="334" type="jump" coverage="100%" />
              </conditions>
            </line>
            <line number="40" hits="23" branch="False" />
            <line number="41" hits="23" branch="False" />
            <line number="42" hits="23" branch="False" />
            <line number="43" hits="23" branch="False" />
            <line number="44" hits="23" branch="False" />
            <line number="45" hits="23" branch="False" />
            <line number="46" hits="23" branch="False" />
            <line number="50" hits="19" branch="False" />
            <line number="51" hits="19" branch="False" />
            <line number="53" hits="19" branch="True" condition-coverage="100% (2/2)">
              <conditions>
                <condition number="512" type="jump" coverage="100%" />
              </conditions>
            </line>
            <line number="54" hits="19" branch="False" />
            <line number="55" hits="19" branch="False" />
            <line number="57" hits="19" branch="True" condition-coverage="100% (2/2)">
              <conditions>
                <condition number="658" type="jump" coverage="100%" />
              </conditions>
            </line>
            <line number="58" hits="3" branch="False" />
            <line number="59" hits="3" branch="False" />
            <line number="60" hits="3" branch="False" />
            <line number="61" hits="3" branch="False" />
            <line number="62" hits="3" branch="False" />
            <line number="65" hits="16" branch="False" />
            <line number="67" hits="16" branch="True" condition-coverage="100% (2/2)">
              <conditions>
                <condition number="838" type="jump" coverage="100%" />
              </conditions>
            </line>
            <line number="68" hits="3" branch="False" />
            <line number="69" hits="3" branch="False" />
            <line number="70" hits="3" branch="False" />
            <line number="71" hits="3" branch="False" />
            <line number="72" hits="3" branch="False" />
            <line number="75" hits="13" branch="False" />
            <line number="76" hits="13" branch="False" />
            <line number="77" hits="13" branch="False" />
            <line number="79" hits="13" branch="False" />
            <line number="80" hits="13" branch="False" />
            <line number="81" hits="13" branch="False" />
            <line number="82" hits="13" branch="False" />
            <line number="83" hits="52" branch="False" />
            <line number="88" hits="7" branch="False" />
            <line number="89" hits="7" branch="False" />
            <line number="90" hits="7" branch="False" />
            <line number="91" hits="7" branch="False" />
            <line number="92" hits="7" branch="False" />
            <line number="93" hits="7" branch="False" />
            <line number="95" hits="7" branch="False" />
            <line number="96" hits="7" branch="False" />
            <line number="97" hits="7" branch="False" />
            <line number="98" hits="7" branch="False" />
            <line number="100" hits="63" branch="True" condition-coverage="100% (2/2)">
              <conditions>
                <condition number="310" type="jump" coverage="100%" />
              </conditions>
            </line>
            <line number="101" hits="23" branch="False" />
            <line number="102" hits="23" branch="False" />
            <line number="103" hits="23" branch="False" />
            <line number="105" hits="23" branch="False" />
            <line number="106" hits="23" branch="False" />
            <line number="107" hits="23" branch="False" />
            <line number="108" hits="23" branch="False" />
            <line number="109" hits="23" branch="False" />
            <line number="110" hits="23" branch="False" />
            <line number="112" hits="23" branch="True" condition-coverage="100% (2/2)">
              <conditions>
                <condition number="273" type="jump" coverage="100%" />
              </conditions>
            </line>
            <line number="113" hits="4" branch="False" />
            <line number="114" hits="4" branch="False" />
            <line number="115" hits="4" branch="False" />
            <line number="117" hits="19" branch="False" />
            <line number="119" hits="7" branch="False" />
            <line number="120" hits="7" branch="False" />
            <line number="127" hits="39" branch="False" />
            <line number="129" hits="39" branch="True" condition-coverage="100% (2/2)">
              <conditions>
                <condition number="17" type="jump" coverage="100%" />
              </conditions>
            </line>
            <line number="130" hits="8" branch="False" />
            <line number="131" hits="39" branch="False" />
            <line number="133" hits="309" branch="True" condition-coverage="100% (2/2)">
              <conditions>
                <condition number="1356" type="jump" coverage="100%" />
              </conditions>
            </line>
            <line number="134" hits="96" branch="False" />
            <line number="135" hits="96" branch="False" />
            <line number="136" hits="96" branch="False" />
            <line number="137" hits="96" branch="False" />
            <line number="140" hits="1250" branch="True" condition-coverage="100% (2/2)">
              <conditions>
                <condition number="1343" type="jump" coverage="100%" />
              </conditions>
            </line>
            <line number="141" hits="529" branch="False" />
            <line number="142" hits="529" branch="False" />
            <line number="145" hits="529" branch="True" condition-coverage="100% (2/2)">
              <conditions>
                <condition number="391" type="jump" coverage="100%" />
              </conditions>
            </line>
            <line number="146" hits="394" branch="False" />
            <line number="147" hits="394" branch="False" />
            <line number="148" hits="394" branch="False" />
            <line number="149" hits="394" branch="False" />
            <line number="150" hits="394" branch="False" />
            <line number="151" hits="394" branch="False" />
            <line number="152" hits="394" branch="False" />
            <line number="156" hits="135" branch="False" />
            <line number="157" hits="135" branch="False" />
            <line number="159" hits="135" branch="True" condition-coverage="100% (2/2)">
              <conditions>
                <condition number="610" type="jump" coverage="100%" />
              </conditions>
            </line>
            <line number="160" hits="4" branch="False" />
            <line number="161" hits="4" branch="False" />
            <line number="162" hits="4" branch="False" />
            <line number="163" hits="4" branch="False" />
            <line number="164" hits="4" branch="False" />
            <line number="166" hits="131" branch="False" />
            <line number="167" hits="131" branch="False" />
            <line number="168" hits="131" branch="False" />
            <line number="170" hits="135" branch="False" />
            <line number="173" hits="135" branch="False" />
            <line number="174" hits="135" branch="True" condition-coverage="100% (2/2)">
              <conditions>
                <condition number="781" type="jump" coverage="100%" />
              </conditions>
            </line>
            <line number="175" hits="15" branch="False" />
            <line number="176" hits="15" branch="False" />
            <line number="177" hits="15" branch="False" />
            <line number="178" hits="15" branch="False" />
            <line number="179" hits="15" branch="False" />
            <line number="182" hits="120" branch="False" />
            <line number="185" hits="120" branch="True" condition-coverage="100% (2/2)">
              <conditions>
                <condition number="955" type="jump" coverage="100%" />
              </conditions>
            </line>
            <line number="186" hits="18" branch="False" />
            <line number="187" hits="18" branch="False" />
            <line number="188" hits="18" branch="False" />
            <line number="189" hits="18" branch="False" />
            <line number="190" hits="18" branch="False" />
            <line number="193" hits="102" branch="False" />
            <line number="194" hits="102" branch="False" />
            <line number="195" hits="102" branch="False" />
            <line number="196" hits="102" branch="False" />
            <line number="197" hits="102" branch="False" />
            <line number="198" hits="102" branch="False" />
            <line number="199" hits="96" branch="False" />
            <line number="201" hits="39" branch="False" />
            <line number="202" hits="39" branch="False" />
            <line number="203" hits="309" branch="True" condition-coverage="100% (2/2)">
              <conditions>
                <condition number="1541" type="jump" coverage="100%" />
              </conditions>
            </line>
            <line number="204" hits="96" branch="False" />
            <line number="205" hits="96" branch="False" />
            <line number="206" hits="96" branch="False" />
            <line number="207" hits="39" branch="False" />
            <line number="208" hits="39" branch="False" />
            <line number="209" hits="39" branch="False" />
            <line number="214" hits="16" branch="False" />
            <line number="215" hits="16" branch="False" />
            <line number="216" hits="16" branch="False" />
            <line number="220" hits="36" branch="False" />
            <line number="221" hits="36" branch="False" />
            <line number="222" hits="36" branch="False" />
          </lines>
        </class>
        <class name="UBB.Services.ScenarioPresets" filename="UBB.Core\Services\ScenarioPresets.cs" line-rate="1" branch-rate="1" complexity="3">
          <methods>
            <method name="get_RequestPresets" signature="()" line-rate="1" branch-rate="1" complexity="1">
              <lines>
                <line number="7" hits="33" branch="False" />
              </lines>
            </method>
            <method name="get_MultiCCPresets" signature="()" line-rate="1" branch-rate="1" complexity="1">
              <lines>
                <line number="56" hits="9" branch="False" />
              </lines>
            </method>
            <method name=".cctor" signature="()" line-rate="1" branch-rate="1" complexity="1">
              <lines>
                <line number="8" hits="1" branch="False" />
                <line number="9" hits="1" branch="False" />
                <line number="10" hits="1" branch="False" />
                <line number="11" hits="1" branch="False" />
                <line number="12" hits="1" branch="False" />
                <line number="13" hits="1" branch="False" />
                <line number="14" hits="1" branch="False" />
                <line number="15" hits="1" branch="False" />
                <line number="16" hits="1" branch="False" />
                <line number="17" hits="1" branch="False" />
                <line number="18" hits="1" branch="False" />
                <line number="19" hits="1" branch="False" />
                <line number="20" hits="1" branch="False" />
                <line number="21" hits="1" branch="False" />
                <line number="22" hits="1" branch="False" />
                <line number="23" hits="1" branch="False" />
                <line number="24" hits="1" branch="False" />
                <line number="25" hits="1" branch="False" />
                <line number="26" hits="1" branch="False" />
                <line number="27" hits="1" branch="False" />
                <line number="28" hits="1" branch="False" />
                <line number="29" hits="1" branch="False" />
                <line number="30" hits="1" branch="False" />
                <line number="31" hits="1" branch="False" />
                <line number="32" hits="1" branch="False" />
                <line number="33" hits="1" branch="False" />
                <line number="34" hits="1" branch="False" />
                <line number="35" hits="1" branch="False" />
                <line number="36" hits="1" branch="False" />
                <line number="37" hits="1" branch="False" />
                <line number="38" hits="1" branch="False" />
                <line number="39" hits="1" branch="False" />
                <line number="40" hits="1" branch="False" />
                <line number="41" hits="1" branch="False" />
                <line number="42" hits="1" branch="False" />
                <line number="43" hits="1" branch="False" />
                <line number="44" hits="1" branch="False" />
                <line number="45" hits="1" branch="False" />
                <line number="46" hits="1" branch="False" />
                <line number="47" hits="1" branch="False" />
                <line number="48" hits="1" branch="False" />
                <line number="49" hits="1" branch="False" />
                <line number="50" hits="1" branch="False" />
                <line number="51" hits="1" branch="False" />
                <line number="57" hits="1" branch="False" />
                <line number="58" hits="1" branch="False" />
                <line number="59" hits="1" branch="False" />
                <line number="60" hits="1" branch="False" />
                <line number="61" hits="1" branch="False" />
                <line number="62" hits="1" branch="False" />
                <line number="63" hits="1" branch="False" />
                <line number="64" hits="1" branch="False" />
                <line number="65" hits="1" branch="False" />
                <line number="66" hits="1" branch="False" />
                <line number="67" hits="1" branch="False" />
                <line number="68" hits="1" branch="False" />
                <line number="69" hits="1" branch="False" />
                <line number="70" hits="1" branch="False" />
                <line number="71" hits="1" branch="False" />
                <line number="72" hits="1" branch="False" />
                <line number="73" hits="1" branch="False" />
                <line number="74" hits="1" branch="False" />
                <line number="75" hits="1" branch="False" />
                <line number="76" hits="1" branch="False" />
                <line number="77" hits="1" branch="False" />
                <line number="78" hits="1" branch="False" />
                <line number="79" hits="1" branch="False" />
                <line number="80" hits="1" branch="False" />
                <line number="81" hits="1" branch="False" />
                <line number="82" hits="1" branch="False" />
                <line number="83" hits="1" branch="False" />
                <line number="84" hits="1" branch="False" />
                <line number="85" hits="1" branch="False" />
                <line number="86" hits="1" branch="False" />
                <line number="87" hits="1" branch="False" />
                <line number="88" hits="1" branch="False" />
                <line number="89" hits="1" branch="False" />
                <line number="90" hits="1" branch="False" />
                <line number="91" hits="1" branch="False" />
                <line number="92" hits="1" branch="False" />
                <line number="93" hits="1" branch="False" />
                <line number="94" hits="1" branch="False" />
                <line number="95" hits="1" branch="False" />
                <line number="96" hits="1" branch="False" />
                <line number="97" hits="1" branch="False" />
                <line number="98" hits="1" branch="False" />
                <line number="99" hits="1" branch="False" />
                <line number="100" hits="1" branch="False" />
                <line number="101" hits="1" branch="False" />
                <line number="102" hits="1" branch="False" />
                <line number="103" hits="1" branch="False" />
                <line number="104" hits="1" branch="False" />
                <line number="105" hits="1" branch="False" />
                <line number="106" hits="1" branch="False" />
                <line number="107" hits="1" branch="False" />
                <line number="108" hits="1" branch="False" />
                <line number="109" hits="1" branch="False" />
                <line number="110" hits="1" branch="False" />
                <line number="111" hits="1" branch="False" />
                <line number="112" hits="1" branch="False" />
                <line number="113" hits="1" branch="False" />
                <line number="114" hits="1" branch="False" />
                <line number="115" hits="1" branch="False" />
                <line number="116" hits="1" branch="False" />
                <line number="117" hits="1" branch="False" />
                <line number="118" hits="1" branch="False" />
                <line number="119" hits="1" branch="False" />
                <line number="120" hits="1" branch="False" />
                <line number="121" hits="1" branch="False" />
                <line number="122" hits="1" branch="False" />
                <line number="123" hits="1" branch="False" />
                <line number="124" hits="1" branch="False" />
                <line number="125" hits="1" branch="False" />
                <line number="126" hits="1" branch="False" />
                <line number="127" hits="1" branch="False" />
                <line number="128" hits="1" branch="False" />
                <line number="129" hits="1" branch="False" />
                <line number="130" hits="1" branch="False" />
                <line number="131" hits="1" branch="False" />
                <line number="132" hits="1" branch="False" />
                <line number="133" hits="1" branch="False" />
                <line number="134" hits="1" branch="False" />
                <line number="135" hits="1" branch="False" />
                <line number="136" hits="1" branch="False" />
                <line number="137" hits="1" branch="False" />
                <line number="138" hits="1" branch="False" />
                <line number="139" hits="1" branch="False" />
                <line number="140" hits="1" branch="False" />
                <line number="141" hits="1" branch="False" />
                <line number="142" hits="1" branch="False" />
                <line number="143" hits="1" branch="False" />
                <line number="144" hits="1" branch="False" />
                <line number="145" hits="1" branch="False" />
                <line number="146" hits="1" branch="False" />
                <line number="147" hits="1" branch="False" />
                <line number="148" hits="1" branch="False" />
                <line number="149" hits="1" branch="False" />
                <line number="150" hits="1" branch="False" />
                <line number="151" hits="1" branch="False" />
                <line number="152" hits="1" branch="False" />
                <line number="153" hits="1" branch="False" />
                <line number="154" hits="1" branch="False" />
                <line number="155" hits="1" branch="False" />
                <line number="156" hits="1" branch="False" />
                <line number="157" hits="1" branch="False" />
                <line number="158" hits="1" branch="False" />
                <line number="159" hits="1" branch="False" />
                <line number="160" hits="1" branch="False" />
                <line number="161" hits="1" branch="False" />
                <line number="162" hits="1" branch="False" />
                <line number="163" hits="1" branch="False" />
                <line number="164" hits="1" branch="False" />
                <line number="165" hits="1" branch="False" />
                <line number="166" hits="1" branch="False" />
                <line number="167" hits="1" branch="False" />
                <line number="168" hits="1" branch="False" />
                <line number="169" hits="1" branch="False" />
                <line number="170" hits="1" branch="False" />
                <line number="171" hits="1" branch="False" />
                <line number="172" hits="1" branch="False" />
                <line number="173" hits="1" branch="False" />
                <line number="174" hits="1" branch="False" />
                <line number="175" hits="1" branch="False" />
              </lines>
            </method>
          </methods>
          <lines>
            <line number="7" hits="33" branch="False" />
            <line number="56" hits="9" branch="False" />
            <line number="8" hits="1" branch="False" />
            <line number="9" hits="1" branch="False" />
            <line number="10" hits="1" branch="False" />
            <line number="11" hits="1" branch="False" />
            <line number="12" hits="1" branch="False" />
            <line number="13" hits="1" branch="False" />
            <line number="14" hits="1" branch="False" />
            <line number="15" hits="1" branch="False" />
            <line number="16" hits="1" branch="False" />
            <line number="17" hits="1" branch="False" />
            <line number="18" hits="1" branch="False" />
            <line number="19" hits="1" branch="False" />
            <line number="20" hits="1" branch="False" />
            <line number="21" hits="1" branch="False" />
            <line number="22" hits="1" branch="False" />
            <line number="23" hits="1" branch="False" />
            <line number="24" hits="1" branch="False" />
            <line number="25" hits="1" branch="False" />
            <line number="26" hits="1" branch="False" />
            <line number="27" hits="1" branch="False" />
            <line number="28" hits="1" branch="False" />
            <line number="29" hits="1" branch="False" />
            <line number="30" hits="1" branch="False" />
            <line number="31" hits="1" branch="False" />
            <line number="32" hits="1" branch="False" />
            <line number="33" hits="1" branch="False" />
            <line number="34" hits="1" branch="False" />
            <line number="35" hits="1" branch="False" />
            <line number="36" hits="1" branch="False" />
            <line number="37" hits="1" branch="False" />
            <line number="38" hits="1" branch="False" />
            <line number="39" hits="1" branch="False" />
            <line number="40" hits="1" branch="False" />
            <line number="41" hits="1" branch="False" />
            <line number="42" hits="1" branch="False" />
            <line number="43" hits="1" branch="False" />
            <line number="44" hits="1" branch="False" />
            <line number="45" hits="1" branch="False" />
            <line number="46" hits="1" branch="False" />
            <line number="47" hits="1" branch="False" />
            <line number="48" hits="1" branch="False" />
            <line number="49" hits="1" branch="False" />
            <line number="50" hits="1" branch="False" />
            <line number="51" hits="1" branch="False" />
            <line number="57" hits="1" branch="False" />
            <line number="58" hits="1" branch="False" />
            <line number="59" hits="1" branch="False" />
            <line number="60" hits="1" branch="False" />
            <line number="61" hits="1" branch="False" />
            <line number="62" hits="1" branch="False" />
            <line number="63" hits="1" branch="False" />
            <line number="64" hits="1" branch="False" />
            <line number="65" hits="1" branch="False" />
            <line number="66" hits="1" branch="False" />
            <line number="67" hits="1" branch="False" />
            <line number="68" hits="1" branch="False" />
            <line number="69" hits="1" branch="False" />
            <line number="70" hits="1" branch="False" />
            <line number="71" hits="1" branch="False" />
            <line number="72" hits="1" branch="False" />
            <line number="73" hits="1" branch="False" />
            <line number="74" hits="1" branch="False" />
            <line number="75" hits="1" branch="False" />
            <line number="76" hits="1" branch="False" />
            <line number="77" hits="1" branch="False" />
            <line number="78" hits="1" branch="False" />
            <line number="79" hits="1" branch="False" />
            <line number="80" hits="1" branch="False" />
            <line number="81" hits="1" branch="False" />
            <line number="82" hits="1" branch="False" />
            <line number="83" hits="1" branch="False" />
            <line number="84" hits="1" branch="False" />
            <line number="85" hits="1" branch="False" />
            <line number="86" hits="1" branch="False" />
            <line number="87" hits="1" branch="False" />
            <line number="88" hits="1" branch="False" />
            <line number="89" hits="1" branch="False" />
            <line number="90" hits="1" branch="False" />
            <line number="91" hits="1" branch="False" />
            <line number="92" hits="1" branch="False" />
            <line number="93" hits="1" branch="False" />
            <line number="94" hits="1" branch="False" />
            <line number="95" hits="1" branch="False" />
            <line number="96" hits="1" branch="False" />
            <line number="97" hits="1" branch="False" />
            <line number="98" hits="1" branch="False" />
            <line number="99" hits="1" branch="False" />
            <line number="100" hits="1" branch="False" />
            <line number="101" hits="1" branch="False" />
            <line number="102" hits="1" branch="False" />
            <line number="103" hits="1" branch="False" />
            <line number="104" hits="1" branch="False" />
            <line number="105" hits="1" branch="False" />
            <line number="106" hits="1" branch="False" />
            <line number="107" hits="1" branch="False" />
            <line number="108" hits="1" branch="False" />
            <line number="109" hits="1" branch="False" />
            <line number="110" hits="1" branch="False" />
            <line number="111" hits="1" branch="False" />
            <line number="112" hits="1" branch="False" />
            <line number="113" hits="1" branch="False" />
            <line number="114" hits="1" branch="False" />
            <line number="115" hits="1" branch="False" />
            <line number="116" hits="1" branch="False" />
            <line number="117" hits="1" branch="False" />
            <line number="118" hits="1" branch="False" />
            <line number="119" hits="1" branch="False" />
            <line number="120" hits="1" branch="False" />
            <line number="121" hits="1" branch="False" />
            <line number="122" hits="1" branch="False" />
            <line number="123" hits="1" branch="False" />
            <line number="124" hits="1" branch="False" />
            <line number="125" hits="1" branch="False" />
            <line number="126" hits="1" branch="False" />
            <line number="127" hits="1" branch="False" />
            <line number="128" hits="1" branch="False" />
            <line number="129" hits="1" branch="False" />
            <line number="130" hits="1" branch="False" />
            <line number="131" hits="1" branch="False" />
            <line number="132" hits="1" branch="False" />
            <line number="133" hits="1" branch="False" />
            <line number="134" hits="1" branch="False" />
            <line number="135" hits="1" branch="False" />
            <line number="136" hits="1" branch="False" />
            <line number="137" hits="1" branch="False" />
            <line number="138" hits="1" branch="False" />
            <line number="139" hits="1" branch="False" />
            <line number="140" hits="1" branch="False" />
            <line number="141" hits="1" branch="False" />
            <line number="142" hits="1" branch="False" />
            <line number="143" hits="1" branch="False" />
            <line number="144" hits="1" branch="False" />
            <line number="145" hits="1" branch="False" />
            <line number="146" hits="1" branch="False" />
            <line number="147" hits="1" branch="False" />
            <line number="148" hits="1" branch="False" />
            <line number="149" hits="1" branch="False" />
            <line number="150" hits="1" branch="False" />
            <line number="151" hits="1" branch="False" />
            <line number="152" hits="1" branch="False" />
            <line number="153" hits="1" branch="False" />
            <line number="154" hits="1" branch="False" />
            <line number="155" hits="1" branch="False" />
            <line number="156" hits="1" branch="False" />
            <line number="157" hits="1" branch="False" />
            <line number="158" hits="1" branch="False" />
            <line number="159" hits="1" branch="False" />
            <line number="160" hits="1" branch="False" />
            <line number="161" hits="1" branch="False" />
            <line number="162" hits="1" branch="False" />
            <line number="163" hits="1" branch="False" />
            <line number="164" hits="1" branch="False" />
            <line number="165" hits="1" branch="False" />
            <line number="166" hits="1" branch="False" />
            <line number="167" hits="1" branch="False" />
            <line number="168" hits="1" branch="False" />
            <line number="169" hits="1" branch="False" />
            <line number="170" hits="1" branch="False" />
            <line number="171" hits="1" branch="False" />
            <line number="172" hits="1" branch="False" />
            <line number="173" hits="1" branch="False" />
            <line number="174" hits="1" branch="False" />
            <line number="175" hits="1" branch="False" />
          </lines>
        </class>
        <class name="UBB.Models.AgenticStep" filename="UBB.Core\Models\AgenticStep.cs" line-rate="1" branch-rate="1" complexity="4">
          <methods>
            <method name="get_Id" signature="()" line-rate="1" branch-rate="1" complexity="1">
              <lines>
                <line number="5" hits="540" branch="False" />
              </lines>
            </method>
            <method name="get_Name" signature="()" line-rate="1" branch-rate="1" complexity="1">
              <lines>
                <line number="6" hits="567" branch="False" />
              </lines>
            </method>
            <method name="get_Description" signature="()" line-rate="1" branch-rate="1" complexity="1">
              <lines>
                <line number="7" hits="540" branch="False" />
              </lines>
            </method>
            <method name="get_Credits" signature="()" line-rate="1" branch-rate="1" complexity="1">
              <lines>
                <line number="8" hits="328" branch="False" />
              </lines>
            </method>
          </methods>
          <lines>
            <line number="5" hits="540" branch="False" />
            <line number="6" hits="567" branch="False" />
            <line number="7" hits="540" branch="False" />
            <line number="8" hits="328" branch="False" />
          </lines>
        </class>
        <class name="UBB.Models.CostCenterBudget" filename="UBB.Core\Models\CostCenterBudget.cs" line-rate="0.9642000000000001" branch-rate="1" complexity="12">
          <methods>
            <method name="get_Name" signature="()" line-rate="1" branch-rate="1" complexity="1">
              <lines>
                <line number="8" hits="449" branch="False" />
              </lines>
            </method>
            <method name="get_UserCount" signature="()" line-rate="1" branch-rate="1" complexity="1">
              <lines>
                <line number="9" hits="845" branch="False" />
              </lines>
            </method>
            <method name="get_MeteredRemainingCredits" signature="()" line-rate="1" branch-rate="1" complexity="1">
              <lines>
                <line number="10" hits="956" branch="False" />
              </lines>
            </method>
            <method name="get_CreditsConsumed" signature="()" line-rate="1" branch-rate="1" complexity="1">
              <lines>
                <line number="11" hits="1156" branch="False" />
              </lines>
            </method>
            <method name="get_InitialMeteredBudget" signature="()" line-rate="1" branch-rate="1" complexity="1">
              <lines>
                <line number="16" hits="150" branch="False" />
              </lines>
            </method>
            <method name="get_NodeStates" signature="()" line-rate="1" branch-rate="1" complexity="1">
              <lines>
                <line number="21" hits="1751" branch="False" />
              </lines>
            </method>
            <method name="DefaultNodeStates" signature="()" line-rate="1" branch-rate="1" complexity="1">
              <lines>
                <line number="23" hits="261" branch="False" />
                <line number="24" hits="261" branch="False" />
                <line number="25" hits="261" branch="False" />
                <line number="26" hits="261" branch="False" />
                <line number="27" hits="261" branch="False" />
                <line number="28" hits="261" branch="False" />
                <line number="29" hits="261" branch="False" />
                <line number="30" hits="261" branch="False" />
              </lines>
            </method>
            <method name="ResetNodeStates" signature="()" line-rate="1" branch-rate="1" complexity="1">
              <lines>
                <line number="32" hits="128" branch="False" />
              </lines>
            </method>
            <method name="get_HasMeteredBudget" signature="()" line-rate="0" branch-rate="1" complexity="1">
              <lines>
                <line number="37" hits="0" branch="False" />
              </lines>
            </method>
            <method name="ConsumeMetered" signature="(System.Int32)" line-rate="1" branch-rate="1" complexity="2">
              <lines>
                <line number="44" hits="110" branch="False" />
                <line number="45" hits="111" branch="True" condition-coverage="100% (2/2)">
                  <conditions>
                    <condition number="10" type="jump" coverage="100%" />
                  </conditions>
                </line>
                <line number="47" hits="109" branch="False" />
                <line number="48" hits="109" branch="False" />
                <line number="49" hits="109" branch="False" />
                <line number="50" hits="109" branch="False" />
                <line number="51" hits="110" branch="False" />
              </lines>
            </method>
            <method name="Reset" signature="()" line-rate="1" branch-rate="1" complexity="1">
              <lines>
                <line number="57" hits="32" branch="False" />
                <line number="58" hits="32" branch="False" />
                <line number="59" hits="32" branch="False" />
                <line number="60" hits="32" branch="False" />
                <line number="61" hits="32" branch="False" />
              </lines>
            </method>
          </methods>
          <lines>
            <line number="8" hits="449" branch="False" />
            <line number="9" hits="845" branch="False" />
            <line number="10" hits="956" branch="False" />
            <line number="11" hits="1156" branch="False" />
            <line number="16" hits="150" branch="False" />
            <line number="21" hits="1751" branch="False" />
            <line number="23" hits="261" branch="False" />
            <line number="24" hits="261" branch="False" />
            <line number="25" hits="261" branch="False" />
            <line number="26" hits="261" branch="False" />
            <line number="27" hits="261" branch="False" />
            <line number="28" hits="261" branch="False" />
            <line number="29" hits="261" branch="False" />
            <line number="30" hits="261" branch="False" />
            <line number="32" hits="128" branch="False" />
            <line number="37" hits="0" branch="False" />
            <line number="44" hits="110" branch="False" />
            <line number="45" hits="111" branch="True" condition-coverage="100% (2/2)">
              <conditions>
                <condition number="10" type="jump" coverage="100%" />
              </conditions>
            </line>
            <line number="47" hits="109" branch="False" />
            <line number="48" hits="109" branch="False" />
            <line number="49" hits="109" branch="False" />
            <line number="50" hits="109" branch="False" />
            <line number="51" hits="110" branch="False" />
            <line number="57" hits="32" branch="False" />
            <line number="58" hits="32" branch="False" />
            <line number="59" hits="32" branch="False" />
            <line number="60" hits="32" branch="False" />
            <line number="61" hits="32" branch="False" />
          </lines>
        </class>
        <class name="UBB.Models.CostCenterConfig" filename="UBB.Core\Models\CostCenterConfig.cs" line-rate="0" branch-rate="1" complexity="9">
          <methods>
            <method name="get_Id" signature="()" line-rate="0" branch-rate="1" complexity="1">
              <lines>
                <line number="5" hits="0" branch="False" />
              </lines>
            </method>
            <method name="get_Name" signature="()" line-rate="0" branch-rate="1" complexity="1">
              <lines>
                <line number="6" hits="0" branch="False" />
              </lines>
            </method>
            <method name="get_Users" signature="()" line-rate="0" branch-rate="1" complexity="1">
              <lines>
                <line number="7" hits="0" branch="False" />
              </lines>
            </method>
            <method name="get_CostCenterUserLevelBudgetDollars" signature="()" line-rate="0" branch-rate="1" complexity="1">
              <lines>
                <line number="9" hits="0" branch="False" />
              </lines>
            </method>
            <method name="get_MeteredBudgetDollars" signature="()" line-rate="0" branch-rate="1" complexity="1">
              <lines>
                <line number="11" hits="0" branch="False" />
              </lines>
            </method>
            <method name="get_StopOnMeteredExhaustion" signature="()" line-rate="0" branch-rate="1" complexity="1">
              <lines>
                <line number="13" hits="0" branch="False" />
              </lines>
            </method>
            <method name="get_IncludedCreditAllocationCap" signature="()" line-rate="0" branch-rate="1" complexity="1">
              <lines>
                <line number="15" hits="0" branch="False" />
              </lines>
            </method>
            <method name="get_BlockOnIncludedCap" signature="()" line-rate="0" branch-rate="1" complexity="1">
              <lines>
                <line number="16" hits="0" branch="False" />
              </lines>
            </method>
            <method name="get_ExcludedFromEnterpriseBudget" signature="()" line-rate="0" branch-rate="1" complexity="1">
              <lines>
                <line number="18" hits="0" branch="False" />
              </lines>
            </method>
          </methods>
          <lines>
            <line number="5" hits="0" branch="False" />
            <line number="6" hits="0" branch="False" />
            <line number="7" hits="0" branch="False" />
            <line number="9" hits="0" branch="False" />
            <line number="11" hits="0" branch="False" />
            <line number="13" hits="0" branch="False" />
            <line number="15" hits="0" branch="False" />
            <line number="16" hits="0" branch="False" />
            <line number="18" hits="0" branch="False" />
          </lines>
        </class>
        <class name="UBB.Models.DailySnapshot" filename="UBB.Core\Models\DailySnapshot.cs" line-rate="0" branch-rate="1" complexity="6">
          <methods>
            <method name="get_Day" signature="()" line-rate="0" branch-rate="1" complexity="1">
              <lines>
                <line number="5" hits="0" branch="False" />
              </lines>
            </method>
            <method name="get_RemainingPoolCredits" signature="()" line-rate="0" branch-rate="1" complexity="1">
              <lines>
                <line number="6" hits="0" branch="False" />
              </lines>
            </method>
            <method name="get_CumulativeMeteredSpendDollars" signature="()" line-rate="0" branch-rate="1" complexity="1">
              <lines>
                <line number="7" hits="0" branch="False" />
              </lines>
            </method>
            <method name="get_CostCenterSnapshots" signature="()" line-rate="0" branch-rate="1" complexity="1">
              <lines>
                <line number="8" hits="0" branch="False" />
              </lines>
            </method>
            <method name="get_BlockedUsers" signature="()" line-rate="0" branch-rate="1" complexity="1">
              <lines>
                <line number="9" hits="0" branch="False" />
              </lines>
            </method>
            <method name="get_BlockedCostCenters" signature="()" line-rate="0" branch-rate="1" complexity="1">
              <lines>
                <line number="10" hits="0" branch="False" />
              </lines>
            </method>
          </methods>
          <lines>
            <line number="5" hits="0" branch="False" />
            <line number="6" hits="0" branch="False" />
            <line number="7" hits="0" branch="False" />
            <line number="8" hits="0" branch="False" />
            <line number="9" hits="0" branch="False" />
            <line number="10" hits="0" branch="False" />
          </lines>
        </class>
        <class name="UBB.Models.CostCenterDailySnapshot" filename="UBB.Core\Models\DailySnapshot.cs" line-rate="0" branch-rate="1" complexity="4">
          <methods>
            <method name="get_CreditsDrawnFromPool" signature="()" line-rate="0" branch-rate="1" complexity="1">
              <lines>
                <line number="15" hits="0" branch="False" />
              </lines>
            </method>
            <method name="get_CumulativeMeteredSpend" signature="()" line-rate="0" branch-rate="1" complexity="1">
              <lines>
                <line number="16" hits="0" branch="False" />
              </lines>
            </method>
            <method name="get_IsBlockedByMeteredBudget" signature="()" line-rate="0" branch-rate="1" complexity="1">
              <lines>
                <line number="17" hits="0" branch="False" />
              </lines>
            </method>
            <method name="get_IsBlockedByIncludedCap" signature="()" line-rate="0" branch-rate="1" complexity="1">
              <lines>
                <line number="18" hits="0" branch="False" />
              </lines>
            </method>
          </methods>
          <lines>
            <line number="15" hits="0" branch="False" />
            <line number="16" hits="0" branch="False" />
            <line number="17" hits="0" branch="False" />
            <line number="18" hits="0" branch="False" />
          </lines>
        </class>
        <class name="UBB.Models.FlowResult" filename="UBB.Core\Models\FlowResult.cs" line-rate="1" branch-rate="1" complexity="8">
          <methods>
            <method name="get_Blocked" signature="()" line-rate="1" branch-rate="1" complexity="1">
              <lines>
                <line number="5" hits="94" branch="False" />
              </lines>
            </method>
            <method name="get_Logs" signature="()" line-rate="1" branch-rate="1" complexity="1">
              <lines>
                <line number="6" hits="130" branch="False" />
              </lines>
            </method>
            <method name="get_NodeStates" signature="()" line-rate="1" branch-rate="1" complexity="1">
              <lines>
                <line number="7" hits="150" branch="False" />
              </lines>
            </method>
            <method name="get_UserUsedCredits" signature="()" line-rate="1" branch-rate="1" complexity="1">
              <lines>
                <line number="8" hits="79" branch="False" />
              </lines>
            </method>
            <method name="get_PoolRemainingCredits" signature="()" line-rate="1" branch-rate="1" complexity="1">
              <lines>
                <line number="9" hits="79" branch="False" />
              </lines>
            </method>
            <method name="get_CostCenterMeteredRemainingCredits" signature="()" line-rate="1" branch-rate="1" complexity="1">
              <lines>
                <line number="10" hits="81" branch="False" />
              </lines>
            </method>
            <method name="get_EnterpriseMeteredRemainingCredits" signature="()" line-rate="1" branch-rate="1" complexity="1">
              <lines>
                <line number="11" hits="81" branch="False" />
              </lines>
            </method>
            <method name="DefaultNodeStates" signature="()" line-rate="1" branch-rate="1" complexity="1">
              <lines>
                <line number="13" hits="176" branch="False" />
                <line number="14" hits="176" branch="False" />
                <line number="15" hits="176" branch="False" />
                <line number="16" hits="176" branch="False" />
                <line number="17" hits="176" branch="False" />
                <line number="18" hits="176" branch="False" />
                <line number="19" hits="176" branch="False" />
                <line number="20" hits="176" branch="False" />
                <line number="21" hits="176" branch="False" />
              </lines>
            </method>
          </methods>
          <lines>
            <line number="5" hits="94" branch="False" />
            <line number="6" hits="130" branch="False" />
            <line number="7" hits="150" branch="False" />
            <line number="8" hits="79" branch="False" />
            <line number="9" hits="79" branch="False" />
            <line number="10" hits="81" branch="False" />
            <line number="11" hits="81" branch="False" />
            <line number="13" hits="176" branch="False" />
            <line number="14" hits="176" branch="False" />
            <line number="15" hits="176" branch="False" />
            <line number="16" hits="176" branch="False" />
            <line number="17" hits="176" branch="False" />
            <line number="18" hits="176" branch="False" />
            <line number="19" hits="176" branch="False" />
            <line number="20" hits="176" branch="False" />
            <line number="21" hits="176" branch="False" />
          </lines>
        </class>
        <class name="UBB.Models.MultiCCPreset" filename="UBB.Core\Models\MultiCCPreset.cs" line-rate="1" branch-rate="1" complexity="8">
          <methods>
            <method name="get_Key" signature="()" line-rate="1" branch-rate="1" complexity="1">
              <lines>
                <line number="8" hits="81" branch="False" />
              </lines>
            </method>
            <method name="get_Label" signature="()" line-rate="1" branch-rate="1" complexity="1">
              <lines>
                <line number="9" hits="18" branch="False" />
              </lines>
            </method>
            <method name="get_Description" signature="()" line-rate="1" branch-rate="1" complexity="1">
              <lines>
                <line number="10" hits="18" branch="False" />
              </lines>
            </method>
            <method name="get_CostCenters" signature="()" line-rate="1" branch-rate="1" complexity="1">
              <lines>
                <line number="15" hits="34" branch="False" />
              </lines>
            </method>
            <method name="get_PoolRemainingCredits" signature="()" line-rate="1" branch-rate="1" complexity="1">
              <lines>
                <line number="17" hits="33" branch="False" />
              </lines>
            </method>
            <method name="get_EnterpriseMeteredRemainingCredits" signature="()" line-rate="1" branch-rate="1" complexity="1">
              <lines>
                <line number="18" hits="32" branch="False" />
              </lines>
            </method>
            <method name="ApplyTo" signature="(UBB.Models.MultiCostCenterState)" line-rate="1" branch-rate="1" complexity="2">
              <lines>
                <line number="24" hits="6" branch="False" />
                <line number="25" hits="6" branch="False" />
                <line number="26" hits="54" branch="True" condition-coverage="100% (2/2)">
                  <conditions>
                    <condition number="121" type="jump" coverage="100%" />
                  </conditions>
                </line>
                <line number="27" hits="18" branch="False" />
                <line number="28" hits="18" branch="False" />
                <line number="29" hits="18" branch="False" />
                <line number="30" hits="18" branch="False" />
                <line number="31" hits="18" branch="False" />
                <line number="32" hits="18" branch="False" />
                <line number="33" hits="18" branch="False" />
                <line number="34" hits="18" branch="False" />
                <line number="35" hits="18" branch="False" />
                <line number="36" hits="18" branch="False" />
                <line number="37" hits="6" branch="False" />
                <line number="38" hits="6" branch="False" />
                <line number="39" hits="6" branch="False" />
                <line number="40" hits="6" branch="False" />
                <line number="41" hits="6" branch="False" />
                <line number="42" hits="6" branch="False" />
              </lines>
            </method>
          </methods>
          <lines>
            <line number="8" hits="81" branch="False" />
            <line number="9" hits="18" branch="False" />
            <line number="10" hits="18" branch="False" />
            <line number="15" hits="34" branch="False" />
            <line number="17" hits="33" branch="False" />
            <line number="18" hits="32" branch="False" />
            <line number="24" hits="6" branch="False" />
            <line number="25" hits="6" branch="False" />
            <line number="26" hits="54" branch="True" condition-coverage="100% (2/2)">
              <conditions>
                <condition number="121" type="jump" coverage="100%" />
              </conditions>
            </line>
            <line number="27" hits="18" branch="False" />
            <line number="28" hits="18" branch="False" />
            <line number="29" hits="18" branch="False" />
            <line number="30" hits="18" branch="False" />
            <line number="31" hits="18" branch="False" />
            <line number="32" hits="18" branch="False" />
            <line number="33" hits="18" branch="False" />
            <line number="34" hits="18" branch="False" />
            <line number="35" hits="18" branch="False" />
            <line number="36" hits="18" branch="False" />
            <line number="37" hits="6" branch="False" />
            <line number="38" hits="6" branch="False" />
            <line number="39" hits="6" branch="False" />
            <line number="40" hits="6" branch="False" />
            <line number="41" hits="6" branch="False" />
            <line number="42" hits="6" branch="False" />
          </lines>
        </class>
        <class name="UBB.Models.MultiCostCenterState" filename="UBB.Core\Models\MultiCostCenterState.cs" line-rate="1" branch-rate="1" complexity="11">
          <methods>
            <method name="get_CostCenters" signature="()" line-rate="1" branch-rate="1" complexity="1">
              <lines>
                <line number="12" hits="244" branch="False" />
              </lines>
            </method>
            <method name="get_PoolRemainingCredits" signature="()" line-rate="1" branch-rate="1" complexity="1">
              <lines>
                <line number="17" hits="2144" branch="False" />
              </lines>
            </method>
            <method name="get_EnterpriseMeteredRemainingCredits" signature="()" line-rate="1" branch-rate="1" complexity="1">
              <lines>
                <line number="22" hits="590" branch="False" />
              </lines>
            </method>
            <method name="get_RequestCreditsPerCC" signature="()" line-rate="1" branch-rate="1" complexity="1">
              <lines>
                <line number="27" hits="629" branch="False" />
              </lines>
            </method>
            <method name="get_Logs" signature="()" line-rate="1" branch-rate="1" complexity="1">
              <lines>
                <line number="32" hits="1176" branch="False" />
              </lines>
            </method>
            <method name="get_InitialPoolRemainingCredits" signature="()" line-rate="1" branch-rate="1" complexity="1">
              <lines>
                <line number="38" hits="42" branch="False" />
              </lines>
            </method>
            <method name="get_InitialEnterpriseMeteredRemainingCredits" signature="()" line-rate="1" branch-rate="1" complexity="1">
              <lines>
                <line number="41" hits="42" branch="False" />
              </lines>
            </method>
            <method name="CreateDefault" signature="()" line-rate="1" branch-rate="1" complexity="1">
              <lines>
                <line number="43" hits="27" branch="False" />
                <line number="44" hits="27" branch="False" />
                <line number="45" hits="27" branch="False" />
                <line number="46" hits="27" branch="False" />
                <line number="47" hits="27" branch="False" />
                <line number="48" hits="27" branch="False" />
                <line number="49" hits="27" branch="False" />
                <line number="50" hits="27" branch="False" />
                <line number="51" hits="27" branch="False" />
                <line number="52" hits="27" branch="False" />
                <line number="53" hits="27" branch="False" />
                <line number="54" hits="27" branch="False" />
                <line number="55" hits="27" branch="False" />
              </lines>
            </method>
            <method name="Reset" signature="()" line-rate="1" branch-rate="1" complexity="2">
              <lines>
                <line number="61" hits="7" branch="False" />
                <line number="62" hits="63" branch="True" condition-coverage="100% (2/2)">
                  <conditions>
                    <condition number="38" type="jump" coverage="100%" />
                  </conditions>
                </line>
                <line number="63" hits="21" branch="False" />
                <line number="64" hits="7" branch="False" />
                <line number="65" hits="7" branch="False" />
                <line number="66" hits="7" branch="False" />
                <line number="67" hits="7" branch="False" />
              </lines>
            </method>
            <method name="AddLog" signature="(System.String)" line-rate="1" branch-rate="1" complexity="1">
              <lines>
                <line number="72" hits="1024" branch="False" />
              </lines>
            </method>
          </methods>
          <lines>
            <line number="12" hits="244" branch="False" />
            <line number="17" hits="2144" branch="False" />
            <line number="22" hits="590" branch="False" />
            <line number="27" hits="629" branch="False" />
            <line number="32" hits="1176" branch="False" />
            <line number="38" hits="42" branch="False" />
            <line number="41" hits="42" branch="False" />
            <line number="43" hits="27" branch="False" />
            <line number="44" hits="27" branch="False" />
            <line number="45" hits="27" branch="False" />
            <line number="46" hits="27" branch="False" />
            <line number="47" hits="27" branch="False" />
            <line number="48" hits="27" branch="False" />
            <line number="49" hits="27" branch="False" />
            <line number="50" hits="27" branch="False" />
            <line number="51" hits="27" branch="False" />
            <line number="52" hits="27" branch="False" />
            <line number="53" hits="27" branch="False" />
            <line number="54" hits="27" branch="False" />
            <line number="55" hits="27" branch="False" />
            <line number="61" hits="7" branch="False" />
            <line number="62" hits="63" branch="True" condition-coverage="100% (2/2)">
              <conditions>
                <condition number="38" type="jump" coverage="100%" />
              </conditions>
            </line>
            <line number="63" hits="21" branch="False" />
            <line number="64" hits="7" branch="False" />
            <line number="65" hits="7" branch="False" />
            <line number="66" hits="7" branch="False" />
            <line number="67" hits="7" branch="False" />
            <line number="72" hits="1024" branch="False" />
          </lines>
        </class>
        <class name="UBB.Models.RequestFlowState" filename="UBB.Core\Models\RequestFlowState.cs" line-rate="1" branch-rate="0.5" complexity="16">
          <methods>
            <method name="get_UniversalLimitCredits" signature="()" line-rate="1" branch-rate="1" complexity="1">
              <lines>
                <line number="5" hits="84" branch="False" />
              </lines>
            </method>
            <method name="get_IndividualLimitCredits" signature="()" line-rate="1" branch-rate="1" complexity="1">
              <lines>
                <line number="6" hits="54" branch="False" />
              </lines>
            </method>
            <method name="get_UserType" signature="()" line-rate="1" branch-rate="1" complexity="1">
              <lines>
                <line number="7" hits="99" branch="False" />
              </lines>
            </method>
            <method name="get_SingleRequestCredits" signature="()" line-rate="1" branch-rate="1" complexity="1">
              <lines>
                <line number="8" hits="65" branch="False" />
              </lines>
            </method>
            <method name="get_UserUsedCredits" signature="()" line-rate="1" branch-rate="1" complexity="1">
              <lines>
                <line number="9" hits="102" branch="False" />
              </lines>
            </method>
            <method name="get_PoolRemainingCredits" signature="()" line-rate="1" branch-rate="1" complexity="1">
              <lines>
                <line number="10" hits="102" branch="False" />
              </lines>
            </method>
            <method name="get_CostCenterMeteredRemainingCredits" signature="()" line-rate="1" branch-rate="1" complexity="1">
              <lines>
                <line number="11" hits="101" branch="False" />
              </lines>
            </method>
            <method name="get_EnterpriseMeteredRemainingCredits" signature="()" line-rate="1" branch-rate="1" complexity="1">
              <lines>
                <line number="12" hits="101" branch="False" />
              </lines>
            </method>
            <method name="get_Mode" signature="()" line-rate="1" branch-rate="1" complexity="1">
              <lines>
                <line number="13" hits="59" branch="False" />
              </lines>
            </method>
            <method name="get_Steps" signature="()" line-rate="1" branch-rate="1" complexity="1">
              <lines>
                <line number="14" hits="75" branch="False" />
              </lines>
            </method>
            <method name="get_Logs" signature="()" line-rate="1" branch-rate="1" complexity="1">
              <lines>
                <line number="15" hits="65" branch="False" />
              </lines>
            </method>
            <method name="get_NodeStates" signature="()" line-rate="1" branch-rate="1" complexity="1">
              <lines>
                <line number="16" hits="65" branch="False" />
              </lines>
            </method>
            <method name="get_ActiveUserLimit" signature="()" line-rate="1" branch-rate="0.5" complexity="2">
              <lines>
                <line number="19" hits="23" branch="True" condition-coverage="50% (1/2)">
                  <conditions>
                    <condition number="7" type="jump" coverage="50%" />
                  </conditions>
                </line>
              </lines>
            </method>
            <method name="get_TotalAgenticCredits" signature="()" line-rate="1" branch-rate="1" complexity="1">
              <lines>
                <line number="22" hits="42" branch="False" />
              </lines>
            </method>
            <method name="DefaultAgenticSteps" signature="()" line-rate="1" branch-rate="1" complexity="1">
              <lines>
                <line number="25" hits="54" branch="False" />
                <line number="26" hits="54" branch="False" />
[...]
              <lines>
                <line number="113" hits="7" branch="False" />
                <line number="114" hits="8" branch="True" condition-coverage="100% (2/2)">
                  <conditions>
                    <condition number="7" type="jump" coverage="100%" />
                  </conditions>
                </line>
                <line number="115" hits="6" branch="False" />
                <line number="117" hits="6" branch="False" />
                <line number="118" hits="6" branch="False" />
                <line number="119" hits="7" branch="False" />
              </lines>
            </method>
            <method name="UpdateStepCredits" signature="(System.String,System.Decimal)" line-rate="0" branch-rate="0" complexity="2">
              <lines>
                <line number="122" hits="0" branch="False" />
                <line number="123" hits="0" branch="False" />
                <line number="124" hits="0" branch="True" condition-coverage="0% (0/2)">
                  <conditions>
                    <condition number="49" type="jump" coverage="0%" />
                  </conditions>
                </line>
                <line number="125" hits="0" branch="False" />
                <line number="126" hits="0" branch="False" />
                <line number="127" hits="0" branch="False" />
                <line number="128" hits="0" branch="False" />
                <line number="129" hits="0" branch="False" />
              </lines>
            </method>
            <method name="ApplyResult" signature="(UBB.Models.FlowResult)" line-rate="0" branch-rate="1" complexity="1">
              <lines>
                <line number="132" hits="0" branch="False" />
                <line number="133" hits="0" branch="False" />
                <line number="134" hits="0" branch="False" />
                <line number="135" hits="0" branch="False" />
                <line number="136" hits="0" branch="False" />
                <line number="137" hits="0" branch="False" />
                <line number="138" hits="0" branch="False" />
                <line number="139" hits="0" branch="False" />
              </lines>
            </method>
          </methods>
          <lines>
            <line number="7" hits="118" branch="False" />
            <line number="10" hits="10" branch="False" />
            <line number="13" hits="33" branch="False" />
            <line number="17" hits="27" branch="True" condition-coverage="100% (2/2)">
              <conditions>
                <condition number="7" type="jump" coverage="100%" />
              </conditions>
            </line>
            <line number="20" hits="2" branch="False" />
            <line number="21" hits="2" branch="False" />
            <line number="22" hits="2" branch="False" />
            <line number="23" hits="2" branch="False" />
            <line number="24" hits="2" branch="False" />
            <line number="27" hits="0" branch="False" />
            <line number="28" hits="0" branch="True" condition-coverage="0% (0/2)">
              <conditions>
                <condition number="7" type="jump" coverage="0%" />
              </conditions>
            </line>
            <line number="29" hits="0" branch="False" />
            <line number="30" hits="0" branch="False" />
            <line number="31" hits="0" branch="False" />
            <line number="32" hits="0" branch="False" />
            <line number="33" hits="0" branch="False" />
            <line number="34" hits="0" branch="False" />
            <line number="37" hits="0" branch="False" />
            <line number="38" hits="0" branch="True" condition-coverage="0% (0/2)">
              <conditions>
                <condition number="7" type="jump" coverage="0%" />
              </conditions>
            </line>
            <line number="39" hits="0" branch="False" />
            <line number="40" hits="0" branch="False" />
            <line number="41" hits="0" branch="False" />
            <line number="43" hits="0" branch="False" />
            <line number="44" hits="0" branch="False" />
            <line number="47" hits="0" branch="False" />
            <line number="48" hits="0" branch="True" condition-coverage="0% (0/2)">
              <conditions>
                <condition number="2" type="jump" coverage="0%" />
              </conditions>
            </line>
            <line number="49" hits="0" branch="False" />
            <line number="50" hits="0" branch="False" />
            <line number="51" hits="0" branch="False" />
            <line number="53" hits="2" branch="False" />
            <line number="56" hits="3" branch="False" />
            <line number="57" hits="3" branch="False" />
            <line number="58" hits="3" branch="False" />
            <line number="59" hits="3" branch="False" />
            <line number="60" hits="3" branch="False" />
            <line number="63" hits="5" branch="False" />
            <line number="64" hits="5" branch="False" />
            <line number="65" hits="5" branch="False" />
            <line number="66" hits="5" branch="False" />
            <line number="67" hits="5" branch="False" />
            <line number="70" hits="11" branch="False" />
            <line number="71" hits="11" branch="False" />
            <line number="72" hits="11" branch="False" />
            <line number="73" hits="11" branch="False" />
            <line number="74" hits="11" branch="False" />
            <line number="75" hits="11" branch="False" />
            <line number="76" hits="11" branch="False" />
            <line number="77" hits="11" branch="False" />
            <line number="78" hits="11" branch="False" />
            <line number="79" hits="11" branch="False" />
            <line number="80" hits="11" branch="False" />
            <line number="81" hits="11" branch="False" />
            <line number="84" hits="0" branch="False" />
            <line number="85" hits="0" branch="False" />
            <line number="86" hits="0" branch="False" />
            <line number="87" hits="0" branch="False" />
            <line number="88" hits="0" branch="False" />
            <line number="89" hits="0" branch="False" />
            <line number="90" hits="0" branch="False" />
            <line number="91" hits="0" branch="False" />
            <line number="92" hits="0" branch="False" />
            <line number="94" hits="0" branch="False" />
            <line number="95" hits="0" branch="False" />
            <line number="96" hits="0" branch="False" />
            <line number="99" hits="0" branch="False" />
            <line number="100" hits="0" branch="False" />
            <line number="101" hits="0" branch="False" />
            <line number="103" hits="0" branch="False" />
            <line number="104" hits="0" branch="False" />
            <line number="105" hits="0" branch="False" />
            <line number="106" hits="0" branch="False" />
            <line number="107" hits="0" branch="False" />
            <line number="108" hits="0" branch="False" />
            <line number="109" hits="0" branch="False" />
            <line number="110" hits="0" branch="False" />
            <line number="113" hits="7" branch="False" />
            <line number="114" hits="8" branch="True" condition-coverage="100% (2/2)">
              <conditions>
                <condition number="7" type="jump" coverage="100%" />
              </conditions>
            </line>
            <line number="115" hits="6" branch="False" />
            <line number="117" hits="6" branch="False" />
            <line number="118" hits="6" branch="False" />
            <line number="119" hits="7" branch="False" />
            <line number="122" hits="0" branch="False" />
            <line number="123" hits="0" branch="False" />
            <line number="124" hits="0" branch="True" condition-coverage="0% (0/2)">
              <conditions>
                <condition number="49" type="jump" coverage="0%" />
              </conditions>
            </line>
            <line number="125" hits="0" branch="False" />
            <line number="126" hits="0" branch="False" />
            <line number="127" hits="0" branch="False" />
            <line number="128" hits="0" branch="False" />
            <line number="129" hits="0" branch="False" />
            <line number="132" hits="0" branch="False" />
            <line number="133" hits="0" branch="False" />
            <line number="134" hits="0" branch="False" />
            <line number="135" hits="0" branch="False" />
            <line number="136" hits="0" branch="False" />
            <line number="137" hits="0" branch="False" />
            <line number="138" hits="0" branch="False" />
            <line number="139" hits="0" branch="False" />
          </lines>
        </class>
        <class name="UBB.Services.UrlFlowStateSnapshot" filename="UBB\Services\UrlStateService.cs" line-rate="0" branch-rate="1" complexity="2">
          <methods>
            <method name="get_FlowState" signature="()" line-rate="0" branch-rate="1" complexity="1">
              <lines>
                <line number="11" hits="0" branch="False" />
              </lines>
            </method>
            <method name="get_ActivePresetKey" signature="()" line-rate="0" branch-rate="1" complexity="1">
              <lines>
                <line number="12" hits="0" branch="False" />
              </lines>
            </method>
          </methods>
          <lines>
            <line number="11" hits="0" branch="False" />
            <line number="12" hits="0" branch="False" />
          </lines>
        </class>
        <class name="UBB.Services.UrlStateService" filename="UBB\Services\UrlStateService.cs" line-rate="0.2962" branch-rate="0.1875" complexity="20">
          <methods>
            <method name="SerializeFlowState" signature="(UBB.Models.RequestFlowState,System.String)" line-rate="0" branch-rate="1" complexity="1">
              <lines>
                <line number="18" hits="0" branch="False" />
                <line number="19" hits="0" branch="False" />
                <line number="20" hits="0" branch="False" />
                <line number="21" hits="0" branch="False" />
                <line number="22" hits="0" branch="False" />
                <line number="23" hits="0" branch="False" />
                <line number="24" hits="0" branch="False" />
                <line number="25" hits="0" branch="False" />
                <line number="26" hits="0" branch="False" />
                <line number="27" hits="0" branch="False" />
              </lines>
            </method>
            <method name="DeserializeFlowState" signature="(System.String)" line-rate="0" branch-rate="0" complexity="8">
              <lines>
                <line number="30" hits="0" branch="False" />
                <line number="32" hits="0" branch="False" />
                <line number="33" hits="0" branch="False" />
                <line number="34" hits="0" branch="True" condition-coverage="0% (0/4)">
                  <conditions>
                    <condition number="41" type="jump" coverage="0%" />
                    <condition number="48" type="jump" coverage="0%" />
                  </conditions>
                </line>
                <line number="35" hits="0" branch="False" />
                <line number="36" hits="0" branch="False" />
                <line number="37" hits="0" branch="True" condition-coverage="0% (0/4)">
                  <conditions>
                    <condition number="118" type="jump" coverage="0%" />
                    <condition number="130" type="jump" coverage="0%" />
                  </conditions>
                </line>
                <line number="39" hits="0" branch="False" />
                <line number="40" hits="0" branch="False" />
                <line number="41" hits="0" branch="False" />
                <line number="42" hits="0" branch="False" />
                <line number="44" hits="0" branch="False" />
              </lines>
            </method>
            <method name="Serialize" signature="(UBB.Models.SimulationConfig)" line-rate="1" branch-rate="1" complexity="1">
              <lines>
                <line number="47" hits="3" branch="False" />
                <line number="48" hits="3" branch="False" />
                <line number="49" hits="3" branch="False" />
                <line number="50" hits="3" branch="False" />
                <line number="51" hits="3" branch="False" />
              </lines>
            </method>
            <method name="Deserialize" signature="(System.String)" line-rate="1" branch-rate="0.75" complexity="4">
              <lines>
                <line number="54" hits="7" branch="False" />
                <line number="56" hits="7" branch="False" />
                <line number="57" hits="7" branch="False" />
                <line number="58" hits="14" branch="True" condition-coverage="75% (3/4)">
                  <conditions>
                    <condition number="41" type="jump" coverage="50%" />
                    <condition number="48" type="jump" coverage="100%" />
                  </conditions>
                </line>
                <line number="59" hits="7" branch="False" />
                <line number="60" hits="3" branch="False" />
                <line number="62" hits="6" branch="False" />
                <line number="63" hits="6" branch="False" />
                <line number="64" hits="6" branch="False" />
                <line number="65" hits="6" branch="False" />
                <line number="67" hits="7" branch="False" />
              </lines>
            </method>
            <method name="PushToUrl" signature="(Microsoft.AspNetCore.Components.NavigationManager,UBB.Models.SimulationConfig)" line-rate="0" branch-rate="1" complexity="1">
              <lines>
                <line number="70" hits="0" branch="False" />
                <line number="71" hits="0" branch="False" />
                <line number="72" hits="0" branch="False" />
                <line number="73" hits="0" branch="False" />
                <line number="74" hits="0" branch="False" />
              </lines>
            </method>
            <method name="PushFlowStateToUrl" signature="(Microsoft.AspNetCore.Components.NavigationManager,UBB.Models.RequestFlowState,System.String)" line-rate="0" branch-rate="1" complexity="1">
              <lines>
                <line number="77" hits="0" branch="False" />
                <line number="78" hits="0" branch="False" />
                <line number="79" hits="0" branch="False" />
                <line number="80" hits="0" branch="False" />
                <line number="81" hits="0" branch="False" />
              </lines>
            </method>
            <method name="LoadFlowStateFromUrl" signature="(Microsoft.AspNetCore.Components.NavigationManager)" line-rate="0" branch-rate="0" complexity="4">
              <lines>
                <line number="84" hits="0" branch="False" />
                <line number="85" hits="0" branch="False" />
                <line number="86" hits="0" branch="True" condition-coverage="0% (0/4)">
                  <conditions>
                    <condition number="17" type="jump" coverage="0%" />
                    <condition number="43" type="jump" coverage="0%" />
                  </conditions>
                </line>
                <line number="87" hits="0" branch="False" />
                <line number="88" hits="0" branch="False" />
                <line number="89" hits="0" branch="False" />
              </lines>
            </method>
          </methods>
          <lines>
            <line number="18" hits="0" branch="False" />
            <line number="19" hits="0" branch="False" />
            <line number="20" hits="0" branch="False" />
            <line number="21" hits="0" branch="False" />
            <line number="22" hits="0" branch="False" />
            <line number="23" hits="0" branch="False" />
            <line number="24" hits="0" branch="False" />
            <line number="25" hits="0" branch="False" />
            <line number="26" hits="0" branch="False" />
            <line number="27" hits="0" branch="False" />
            <line number="30" hits="0" branch="False" />
            <line number="32" hits="0" branch="False" />
            <line number="33" hits="0" branch="False" />
            <line number="34" hits="0" branch="True" condition-coverage="0% (0/4)">
              <conditions>
                <condition number="41" type="jump" coverage="0%" />
                <condition number="48" type="jump" coverage="0%" />
              </conditions>
            </line>
            <line number="35" hits="0" branch="False" />
            <line number="36" hits="0" branch="False" />
            <line number="37" hits="0" branch="True" condition-coverage="0% (0/4)">
              <conditions>
                <condition number="118" type="jump" coverage="0%" />
                <condition number="130" type="jump" coverage="0%" />
              </conditions>
            </line>
            <line number="39" hits="0" branch="False" />
            <line number="40" hits="0" branch="False" />
            <line number="41" hits="0" branch="False" />
            <line number="42" hits="0" branch="False" />
            <line number="44" hits="0" branch="False" />
            <line number="47" hits="3" branch="False" />
            <line number="48" hits="3" branch="False" />
            <line number="49" hits="3" branch="False" />
            <line number="50" hits="3" branch="False" />
            <line number="51" hits="3" branch="False" />
            <line number="54" hits="7" branch="False" />
            <line number="56" hits="7" branch="False" />
            <line number="57" hits="7" branch="False" />
            <line number="58" hits="14" branch="True" condition-coverage="75% (3/4)">
              <conditions>
                <condition number="41" type="jump" coverage="50%" />
                <condition number="48" type="jump" coverage="100%" />
              </conditions>
            </line>
            <line number="59" hits="7" branch="False" />
            <line number="60" hits="3" branch="False" />
            <line number="62" hits="6" branch="False" />
            <line number="63" hits="6" branch="False" />
            <line number="64" hits="6" branch="False" />
            <line number="65" hits="6" branch="False" />
            <line number="67" hits="7" branch="False" />
            <line number="70" hits="0" branch="False" />
            <line number="71" hits="0" branch="False" />
            <line number="72" hits="0" branch="False" />
            <line number="73" hits="0" branch="False" />
            <line number="74" hits="0" branch="False" />
            <line number="77" hits="0" branch="False" />
            <line number="78" hits="0" branch="False" />
            <line number="79" hits="0" branch="False" />
            <line number="80" hits="0" branch="False" />
            <line number="81" hits="0" branch="False" />
            <line number="84" hits="0" branch="False" />
            <line number="85" hits="0" branch="False" />
            <line number="86" hits="0" branch="True" condition-coverage="0% (0/4)">
              <conditions>
                <condition number="17" type="jump" coverage="0%" />
                <condition number="43" type="jump" coverage="0%" />
              </conditions>
            </line>
            <line number="87" hits="0" branch="False" />
            <line number="88" hits="0" branch="False" />
            <line number="89" hits="0" branch="False" />
          </lines>
        </class>
      </classes>
    </package>
  </packages>
</coverage>